<?xml version="1.0" encoding="UTF-8"?>
<!-- Generated by org.testng.reporters.JUnitXMLReporter -->
<testsuite hostname="SWITCH-PC10" name="Test" tests="1" failures="0" timestamp="11 May 2022 10:36:01 GMT" time="0.076" errors="0">
  <testcase name="@BeforeTest setup" time="0.0" classname="crossbrowser_reports.Reports">
    <failure type="org.testng.TestNGException" message="
Method setup requires 1 parameters but 0 were supplied in the @Configuration annotation.">
      <![CDATA[org.testng.TestNGException: 
Method setup requires 1 parameters but 0 were supplied in the @Configuration annotation.
... Removed 21 stack frames]]>
    </failure>
  </testcase> <!-- @BeforeTest setup -->
  <testcase name="testparameter" time="0.003" classname="crossbrowser_reports.Reports">
    <skipped/>
  </testcase> <!-- testparameter -->
</testsuite> <!-- Test -->
